-- The C compiler identification is GNU 9.4.0
-- The CXX compiler identification is GNU 9.4.0
-- Check for working C compiler: /usr/bin/cc
-- Check for working C compiler: /usr/bin/cc -- works
-- Detecting C compiler ABI info
-- Detecting C compiler ABI info - done
-- Detecting C compile features
-- Detecting C compile features - done
-- Check for working CXX compiler: /usr/bin/c++
-- Check for working CXX compiler: /usr/bin/c++ -- works
-- Detecting CXX compiler ABI info
-- Detecting CXX compiler ABI info - done
-- Detecting CXX compile features
-- Detecting CXX compile features - done
-- Found ament_cmake: 0.9.11 (/opt/ros/foxy/share/ament_cmake/cmake)
-- Found PythonInterp: /usr/bin/python3 (found suitable version "3.8.10", minimum required is "3") 
-- Using PYTHON_EXECUTABLE: /usr/bin/python3
-- Found rclcpp: 2.4.2 (/opt/ros/foxy/share/rclcpp/cmake)
-- Using all available rosidl_typesupport_c: rosidl_typesupport_fastrtps_c;rosidl_typesupport_introspection_c
-- Found rosidl_adapter: 1.3.0 (/opt/ros/foxy/share/rosidl_adapter/cmake)
-- Found OpenSSL: /usr/lib/aarch64-linux-gnu/libcrypto.so (found version "1.1.1f")  
-- Found FastRTPS: /opt/ros/foxy/include  
-- Using all available rosidl_typesupport_cpp: rosidl_typesupport_fastrtps_cpp;rosidl_typesupport_introspection_cpp
-- Found rmw_implementation_cmake: 1.0.3 (/opt/ros/foxy/share/rmw_implementation_cmake/cmake)
-- Using RMW implementation 'rmw_fastrtps_cpp' as default
-- Looking for pthread.h
-- Looking for pthread.h - found
-- Performing Test CMAKE_HAVE_LIBC_PTHREAD
-- Performing Test CMAKE_HAVE_LIBC_PTHREAD - Failed
-- Looking for pthread_create in pthreads
-- Looking for pthread_create in pthreads - not found
-- Looking for pthread_create in pthread
-- Looking for pthread_create in pthread - found
-- Found Threads: TRUE  
-- Found geometry_msgs: 2.0.5 (/opt/ros/foxy/share/geometry_msgs/cmake)
-- Found sensor_msgs: 2.0.5 (/opt/ros/foxy/share/sensor_msgs/cmake)
-- Found docking_interfaces: 0.0.0 (/home/ubuntu/colcon_ws/install/docking_interfaces/share/docking_interfaces/cmake)
-- Found nav_msgs: 2.0.5 (/opt/ros/foxy/share/nav_msgs/cmake)
-- Found tf2: 0.13.13 (/opt/ros/foxy/share/tf2/cmake)
-- Found tf2_ros: 0.13.13 (/opt/ros/foxy/share/tf2_ros/cmake)
-- Found tf2_geometry_msgs: 0.13.13 (/opt/ros/foxy/share/tf2_geometry_msgs/cmake)
-- Found eigen3_cmake_module: 0.1.1 (/opt/ros/foxy/share/eigen3_cmake_module/cmake)
-- Found Eigen3: TRUE (found version "3.3.7") 
-- Found nav2_msgs: 0.4.7 (/opt/ros/foxy/share/nav2_msgs/cmake)
-- Configuring done
-- Generating done
-- Build files have been written to: /home/ubuntu/colcon_ws/src/build/docking_controller
[35m[1mScanning dependencies of target docking_controller[0m
[35m[1mScanning dependencies of target docking_client[0m
[ 16%] [32mBuilding CXX object CMakeFiles/docking_client.dir/src/docking_client.cpp.o[0m
[ 33%] [32mBuilding CXX object CMakeFiles/docking_controller.dir/src/controller.cpp.o[0m
[ 50%] [32mBuilding CXX object CMakeFiles/docking_controller.dir/src/queue_update_client.cpp.o[0m
[ 66%] [32mBuilding CXX object CMakeFiles/docking_controller.dir/src/docking_server.cpp.o[0m
[01m[K/home/ubuntu/colcon_ws/src/my_docking_control/docking_controller/src/controller.cpp:[m[K In function ‘[01m[Kint main(int, char**)[m[K’:
[01m[K/home/ubuntu/colcon_ws/src/my_docking_control/docking_controller/src/controller.cpp:304:5:[m[K [01;31m[Kerror: [m[K‘[01m[Kqueue_update_client[m[K’ was not declared in this scope
  304 |     [01;31m[Kqueue_update_client[m[K("add_new_robot");
      |     [01;31m[K^~~~~~~~~~~~~~~~~~~[m[K
make[2]: *** [CMakeFiles/docking_client.dir/build.make:63: CMakeFiles/docking_client.dir/src/docking_client.cpp.o] Interrupt
make[2]: *** [CMakeFiles/docking_controller.dir/build.make:76: CMakeFiles/docking_controller.dir/src/docking_server.cpp.o] Interrupt
make[2]: *** [CMakeFiles/docking_controller.dir/build.make:63: CMakeFiles/docking_controller.dir/src/controller.cpp.o] Interrupt
make[2]: *** [CMakeFiles/docking_controller.dir/build.make:89: CMakeFiles/docking_controller.dir/src/queue_update_client.cpp.o] Interrupt
make[1]: *** [CMakeFiles/Makefile2:80: CMakeFiles/docking_client.dir/all] Interrupt
make[1]: *** [CMakeFiles/Makefile2:107: CMakeFiles/docking_controller.dir/all] Interrupt
make: *** [Makefile:141: all] Interrupt
