[1.169s] DEBUG:colcon:Command line arguments: ['/usr/bin/colcon', 'build', '--packages-select', 'docking_controller']
[1.169s] DEBUG:colcon:Parsed command line arguments: Namespace(allow_overriding=[], ament_cmake_args=None, base_paths=['.'], build_base='build', catkin_cmake_args=None, catkin_skip_building_tests=False, cmake_args=None, cmake_clean_cache=False, cmake_clean_first=False, cmake_force_configure=False, cmake_target=None, cmake_target_skip_unavailable=False, continue_on_error=False, event_handlers=None, executor='parallel', ignore_user_meta=False, install_base='install', log_base=None, log_level=None, main=<bound method BuildVerb.main of <colcon_core.verb.build.BuildVerb object at 0xffff94ba3130>>, merge_install=False, metas=['./colcon.meta'], packages_above=None, packages_above_and_dependencies=None, packages_above_depth=None, packages_end=None, packages_ignore=None, packages_ignore_regex=None, packages_select=['docking_controller'], packages_select_build_failed=False, packages_select_by_dep=None, packages_select_regex=None, packages_select_test_failures=False, packages_skip=None, packages_skip_build_finished=False, packages_skip_by_dep=None, packages_skip_regex=None, packages_skip_test_passed=False, packages_skip_up_to=None, packages_start=None, packages_up_to=None, packages_up_to_regex=None, parallel_workers=4, paths=None, symlink_install=False, test_result_base=None, verb_extension=<colcon_core.verb.build.BuildVerb object at 0xffff94ba3130>, verb_name='build', verb_parser=<colcon_defaults.argument_parser.defaults.DefaultArgumentsDecorator object at 0xffff94ba3670>)
[1.391s] Level 1:colcon.colcon_core.package_discovery:discover_packages(colcon_meta) check parameters
[1.392s] Level 1:colcon.colcon_core.package_discovery:discover_packages(recursive) check parameters
[1.392s] Level 1:colcon.colcon_core.package_discovery:discover_packages(ignore) check parameters
[1.392s] Level 1:colcon.colcon_core.package_discovery:discover_packages(path) check parameters
[1.392s] Level 1:colcon.colcon_core.package_discovery:discover_packages(colcon_meta) discover
[1.392s] Level 1:colcon.colcon_core.package_discovery:discover_packages(recursive) discover
[1.393s] INFO:colcon.colcon_core.package_discovery:Crawling recursively for packages in '/home/ubuntu/colcon_ws/src'
[1.393s] Level 1:colcon.colcon_core.package_identification:_identify(.) by extensions ['ignore', 'ignore_ament_install']
[1.393s] Level 1:colcon.colcon_core.package_identification:_identify(.) by extension 'ignore'
[1.394s] Level 1:colcon.colcon_core.package_identification:_identify(.) by extension 'ignore_ament_install'
[1.394s] Level 1:colcon.colcon_core.package_identification:_identify(.) by extensions ['colcon_pkg']
[1.394s] Level 1:colcon.colcon_core.package_identification:_identify(.) by extension 'colcon_pkg'
[1.394s] Level 1:colcon.colcon_core.package_identification:_identify(.) by extensions ['colcon_meta']
[1.394s] Level 1:colcon.colcon_core.package_identification:_identify(.) by extension 'colcon_meta'
[1.395s] Level 1:colcon.colcon_core.package_identification:_identify(.) by extensions ['ros']
[1.395s] Level 1:colcon.colcon_core.package_identification:_identify(.) by extension 'ros'
[1.463s] Level 1:colcon.colcon_core.package_identification:_identify(.) by extensions ['cmake', 'python']
[1.463s] Level 1:colcon.colcon_core.package_identification:_identify(.) by extension 'cmake'
[1.463s] Level 1:colcon.colcon_core.package_identification:_identify(.) by extension 'python'
[1.464s] Level 1:colcon.colcon_core.package_identification:_identify(.) by extensions ['python_setup_py']
[1.464s] Level 1:colcon.colcon_core.package_identification:_identify(.) by extension 'python_setup_py'
[1.464s] Level 1:colcon.colcon_core.package_identification:_identify(build) by extensions ['ignore', 'ignore_ament_install']
[1.465s] Level 1:colcon.colcon_core.package_identification:_identify(build) by extension 'ignore'
[1.465s] Level 1:colcon.colcon_core.package_identification:_identify(build) ignored
[1.465s] Level 1:colcon.colcon_core.package_identification:_identify(install) by extensions ['ignore', 'ignore_ament_install']
[1.466s] Level 1:colcon.colcon_core.package_identification:_identify(install) by extension 'ignore'
[1.466s] Level 1:colcon.colcon_core.package_identification:_identify(install) ignored
[1.466s] Level 1:colcon.colcon_core.package_identification:_identify(log) by extensions ['ignore', 'ignore_ament_install']
[1.467s] Level 1:colcon.colcon_core.package_identification:_identify(log) by extension 'ignore'
[1.467s] Level 1:colcon.colcon_core.package_identification:_identify(log) ignored
[1.469s] Level 1:colcon.colcon_core.package_identification:_identify(my_apriltag) by extensions ['ignore', 'ignore_ament_install']
[1.469s] Level 1:colcon.colcon_core.package_identification:_identify(my_apriltag) by extension 'ignore'
[1.469s] Level 1:colcon.colcon_core.package_identification:_identify(my_apriltag) by extension 'ignore_ament_install'
[1.470s] Level 1:colcon.colcon_core.package_identification:_identify(my_apriltag) by extensions ['colcon_pkg']
[1.470s] Level 1:colcon.colcon_core.package_identification:_identify(my_apriltag) by extension 'colcon_pkg'
[1.470s] Level 1:colcon.colcon_core.package_identification:_identify(my_apriltag) by extensions ['colcon_meta']
[1.470s] Level 1:colcon.colcon_core.package_identification:_identify(my_apriltag) by extension 'colcon_meta'
[1.470s] Level 1:colcon.colcon_core.package_identification:_identify(my_apriltag) by extensions ['ros']
[1.470s] Level 1:colcon.colcon_core.package_identification:_identify(my_apriltag) by extension 'ros'
[1.491s] DEBUG:colcon.colcon_core.package_identification:Package 'my_apriltag' with type 'ros.ament_python' and name 'my_apriltag'
[1.493s] Level 1:colcon.colcon_core.package_identification:_identify(my_docking_control) by extensions ['ignore', 'ignore_ament_install']
[1.493s] Level 1:colcon.colcon_core.package_identification:_identify(my_docking_control) by extension 'ignore'
[1.493s] Level 1:colcon.colcon_core.package_identification:_identify(my_docking_control) by extension 'ignore_ament_install'
[1.494s] Level 1:colcon.colcon_core.package_identification:_identify(my_docking_control) by extensions ['colcon_pkg']
[1.494s] Level 1:colcon.colcon_core.package_identification:_identify(my_docking_control) by extension 'colcon_pkg'
[1.494s] Level 1:colcon.colcon_core.package_identification:_identify(my_docking_control) by extensions ['colcon_meta']
[1.494s] Level 1:colcon.colcon_core.package_identification:_identify(my_docking_control) by extension 'colcon_meta'
[1.494s] Level 1:colcon.colcon_core.package_identification:_identify(my_docking_control) by extensions ['ros']
[1.494s] Level 1:colcon.colcon_core.package_identification:_identify(my_docking_control) by extension 'ros'
[1.495s] Level 1:colcon.colcon_core.package_identification:_identify(my_docking_control) by extensions ['cmake', 'python']
[1.495s] Level 1:colcon.colcon_core.package_identification:_identify(my_docking_control) by extension 'cmake'
[1.495s] Level 1:colcon.colcon_core.package_identification:_identify(my_docking_control) by extension 'python'
[1.495s] Level 1:colcon.colcon_core.package_identification:_identify(my_docking_control) by extensions ['python_setup_py']
[1.496s] Level 1:colcon.colcon_core.package_identification:_identify(my_docking_control) by extension 'python_setup_py'
[1.497s] Level 1:colcon.colcon_core.package_identification:_identify(my_docking_control/docking_controller) by extensions ['ignore', 'ignore_ament_install']
[1.497s] Level 1:colcon.colcon_core.package_identification:_identify(my_docking_control/docking_controller) by extension 'ignore'
[1.497s] Level 1:colcon.colcon_core.package_identification:_identify(my_docking_control/docking_controller) by extension 'ignore_ament_install'
[1.497s] Level 1:colcon.colcon_core.package_identification:_identify(my_docking_control/docking_controller) by extensions ['colcon_pkg']
[1.498s] Level 1:colcon.colcon_core.package_identification:_identify(my_docking_control/docking_controller) by extension 'colcon_pkg'
[1.498s] Level 1:colcon.colcon_core.package_identification:_identify(my_docking_control/docking_controller) by extensions ['colcon_meta']
[1.498s] Level 1:colcon.colcon_core.package_identification:_identify(my_docking_control/docking_controller) by extension 'colcon_meta'
[1.498s] Level 1:colcon.colcon_core.package_identification:_identify(my_docking_control/docking_controller) by extensions ['ros']
[1.498s] Level 1:colcon.colcon_core.package_identification:_identify(my_docking_control/docking_controller) by extension 'ros'
[1.508s] DEBUG:colcon.colcon_core.package_identification:Package 'my_docking_control/docking_controller' with type 'ros.ament_cmake' and name 'docking_controller'
[1.509s] Level 1:colcon.colcon_core.package_identification:_identify(my_docking_control/docking_interfaces) by extensions ['ignore', 'ignore_ament_install']
[1.509s] Level 1:colcon.colcon_core.package_identification:_identify(my_docking_control/docking_interfaces) by extension 'ignore'
[1.510s] Level 1:colcon.colcon_core.package_identification:_identify(my_docking_control/docking_interfaces) by extension 'ignore_ament_install'
[1.510s] Level 1:colcon.colcon_core.package_identification:_identify(my_docking_control/docking_interfaces) by extensions ['colcon_pkg']
[1.510s] Level 1:colcon.colcon_core.package_identification:_identify(my_docking_control/docking_interfaces) by extension 'colcon_pkg'
[1.510s] Level 1:colcon.colcon_core.package_identification:_identify(my_docking_control/docking_interfaces) by extensions ['colcon_meta']
[1.510s] Level 1:colcon.colcon_core.package_identification:_identify(my_docking_control/docking_interfaces) by extension 'colcon_meta'
[1.510s] Level 1:colcon.colcon_core.package_identification:_identify(my_docking_control/docking_interfaces) by extensions ['ros']
[1.511s] Level 1:colcon.colcon_core.package_identification:_identify(my_docking_control/docking_interfaces) by extension 'ros'
[1.513s] DEBUG:colcon.colcon_core.package_identification:Package 'my_docking_control/docking_interfaces' with type 'ros.ament_cmake' and name 'docking_interfaces'
[1.515s] Level 1:colcon.colcon_core.package_identification:_identify(my_robot_bringup) by extensions ['ignore', 'ignore_ament_install']
[1.515s] Level 1:colcon.colcon_core.package_identification:_identify(my_robot_bringup) by extension 'ignore'
[1.515s] Level 1:colcon.colcon_core.package_identification:_identify(my_robot_bringup) by extension 'ignore_ament_install'
[1.516s] Level 1:colcon.colcon_core.package_identification:_identify(my_robot_bringup) by extensions ['colcon_pkg']
[1.516s] Level 1:colcon.colcon_core.package_identification:_identify(my_robot_bringup) by extension 'colcon_pkg'
[1.516s] Level 1:colcon.colcon_core.package_identification:_identify(my_robot_bringup) by extensions ['colcon_meta']
[1.516s] Level 1:colcon.colcon_core.package_identification:_identify(my_robot_bringup) by extension 'colcon_meta'
[1.516s] Level 1:colcon.colcon_core.package_identification:_identify(my_robot_bringup) by extensions ['ros']
[1.516s] Level 1:colcon.colcon_core.package_identification:_identify(my_robot_bringup) by extension 'ros'
[1.519s] DEBUG:colcon.colcon_core.package_identification:Package 'my_robot_bringup' with type 'ros.ament_cmake' and name 'my_robot_bringup'
[1.520s] Level 1:colcon.colcon_core.package_identification:_identify(my_robot_interfaces) by extensions ['ignore', 'ignore_ament_install']
[1.521s] Level 1:colcon.colcon_core.package_identification:_identify(my_robot_interfaces) by extension 'ignore'
[1.521s] Level 1:colcon.colcon_core.package_identification:_identify(my_robot_interfaces) by extension 'ignore_ament_install'
[1.521s] Level 1:colcon.colcon_core.package_identification:_identify(my_robot_interfaces) by extensions ['colcon_pkg']
[1.521s] Level 1:colcon.colcon_core.package_identification:_identify(my_robot_interfaces) by extension 'colcon_pkg'
[1.522s] Level 1:colcon.colcon_core.package_identification:_identify(my_robot_interfaces) by extensions ['colcon_meta']
[1.522s] Level 1:colcon.colcon_core.package_identification:_identify(my_robot_interfaces) by extension 'colcon_meta'
[1.522s] Level 1:colcon.colcon_core.package_identification:_identify(my_robot_interfaces) by extensions ['ros']
[1.522s] Level 1:colcon.colcon_core.package_identification:_identify(my_robot_interfaces) by extension 'ros'
[1.525s] DEBUG:colcon.colcon_core.package_identification:Package 'my_robot_interfaces' with type 'ros.ament_cmake' and name 'my_robot_interfaces'
[1.525s] Level 1:colcon.colcon_core.package_discovery:discover_packages(recursive) using defaults
[1.525s] Level 1:colcon.colcon_core.package_discovery:discover_packages(ignore) discover
[1.525s] Level 1:colcon.colcon_core.package_discovery:discover_packages(ignore) using defaults
[1.526s] Level 1:colcon.colcon_core.package_discovery:discover_packages(path) discover
[1.526s] Level 1:colcon.colcon_core.package_discovery:discover_packages(path) using defaults
[1.676s] INFO:colcon.colcon_core.package_selection:Skipping not selected package 'docking_interfaces' in 'my_docking_control/docking_interfaces'
[1.676s] INFO:colcon.colcon_core.package_selection:Skipping not selected package 'my_robot_interfaces' in 'my_robot_interfaces'
[1.676s] INFO:colcon.colcon_core.package_selection:Skipping not selected package 'my_apriltag' in 'my_apriltag'
[1.676s] INFO:colcon.colcon_core.package_selection:Skipping not selected package 'my_robot_bringup' in 'my_robot_bringup'
[1.680s] Level 1:colcon.colcon_core.package_discovery:discover_packages(prefix_path) check parameters
[1.680s] Level 1:colcon.colcon_core.package_discovery:discover_packages(prefix_path) discover
[1.717s] DEBUG:colcon.colcon_installed_package_information.package_discovery:Found 5 installed packages in /home/ubuntu/colcon_ws/install
[1.735s] DEBUG:colcon.colcon_installed_package_information.package_discovery:Found 8 installed packages in /home/ubuntu/turtlebot3_ws/install
[1.750s] DEBUG:colcon.colcon_installed_package_information.package_discovery:Found 244 installed packages in /opt/ros/foxy
[1.759s] Level 1:colcon.colcon_core.package_discovery:discover_packages(prefix_path) using defaults
[2.375s] WARNING:colcon.colcon_core.package_selection:Some selected packages are already built in one or more underlay workspaces:
	'docking_controller' is in: /home/ubuntu/colcon_ws/install/docking_controller
If a package in a merged underlay workspace is overridden and it installs headers, then all packages in the overlay must sort their include directories by workspace order. Failure to do so may result in build failures or undefined behavior at run time.
If the overridden package is used by another package in any underlay, then the overriding package in the overlay must be API and ABI compatible or undefined behavior at run time may occur.

If you understand the risks and want to override a package anyways, add the following to the command line:
	--allow-overriding docking_controller

This may be promoted to an error in a future release of colcon-override-check.
[2.381s] Level 5:colcon.colcon_core.verb:set package 'docking_controller' build argument 'cmake_args' from command line to 'None'
[2.381s] Level 5:colcon.colcon_core.verb:set package 'docking_controller' build argument 'cmake_target' from command line to 'None'
[2.381s] Level 5:colcon.colcon_core.verb:set package 'docking_controller' build argument 'cmake_target_skip_unavailable' from command line to 'False'
[2.381s] Level 5:colcon.colcon_core.verb:set package 'docking_controller' build argument 'cmake_clean_cache' from command line to 'False'
[2.381s] Level 5:colcon.colcon_core.verb:set package 'docking_controller' build argument 'cmake_clean_first' from command line to 'False'
[2.381s] Level 5:colcon.colcon_core.verb:set package 'docking_controller' build argument 'cmake_force_configure' from command line to 'False'
[2.381s] Level 5:colcon.colcon_core.verb:set package 'docking_controller' build argument 'ament_cmake_args' from command line to 'None'
[2.382s] Level 5:colcon.colcon_core.verb:set package 'docking_controller' build argument 'catkin_cmake_args' from command line to 'None'
[2.382s] Level 5:colcon.colcon_core.verb:set package 'docking_controller' build argument 'catkin_skip_building_tests' from command line to 'False'
[2.382s] DEBUG:colcon.colcon_core.verb:Building package 'docking_controller' with the following arguments: {'ament_cmake_args': None, 'build_base': '/home/ubuntu/colcon_ws/src/build/docking_controller', 'catkin_cmake_args': None, 'catkin_skip_building_tests': False, 'cmake_args': None, 'cmake_clean_cache': False, 'cmake_clean_first': False, 'cmake_force_configure': False, 'cmake_target': None, 'cmake_target_skip_unavailable': False, 'install_base': '/home/ubuntu/colcon_ws/src/install/docking_controller', 'merge_install': False, 'path': '/home/ubuntu/colcon_ws/src/my_docking_control/docking_controller', 'symlink_install': False, 'test_result_base': None}
[2.385s] INFO:colcon.colcon_core.executor:Executing jobs using 'parallel' executor
[2.403s] DEBUG:colcon.colcon_parallel_executor.executor.parallel:run_until_complete
[2.404s] INFO:colcon.colcon_ros.task.ament_cmake.build:Building ROS package in '/home/ubuntu/colcon_ws/src/my_docking_control/docking_controller' with build type 'ament_cmake'
[2.404s] INFO:colcon.colcon_cmake.task.cmake.build:Building CMake package in '/home/ubuntu/colcon_ws/src/my_docking_control/docking_controller'
[2.436s] INFO:colcon.colcon_core.plugin_system:Skipping extension 'colcon_core.shell.bat': Not used on non-Windows systems
[2.437s] INFO:colcon.colcon_core.shell:Skip shell extension 'powershell' for command environment: Not usable outside of PowerShell
[2.437s] DEBUG:colcon.colcon_core.shell:Skip shell extension 'dsv' for command environment
[2.465s] WARNING:colcon.colcon_core.shell:The following packages are in the workspace but haven't been built:
- docking_interfaces
They are being used from the following locations instead:
- /home/ubuntu/colcon_ws/install/docking_interfaces
To suppress this warning ignore these packages in the workspace:
--packages-ignore docking_interfaces
[2.502s] DEBUG:colcon.colcon_core.event_handler.log_command:Invoking command in '/home/ubuntu/colcon_ws/src/build/docking_controller': CMAKE_PREFIX_PATH=${CMAKE_PREFIX_PATH}:/home/ubuntu/colcon_ws/install/my_apriltag:/home/ubuntu/turtlebot3_ws/install/turtlebot3_teleop:/home/ubuntu/turtlebot3_ws/install/turtlebot3_example:/opt/ros/foxy /usr/bin/cmake --build /home/ubuntu/colcon_ws/src/build/docking_controller -- -j4 -l4
[56.678s] DEBUG:colcon.colcon_core.event_handler.log_command:Invoked command in '/home/ubuntu/colcon_ws/src/build/docking_controller' returned '2': CMAKE_PREFIX_PATH=${CMAKE_PREFIX_PATH}:/home/ubuntu/colcon_ws/install/my_apriltag:/home/ubuntu/turtlebot3_ws/install/turtlebot3_teleop:/home/ubuntu/turtlebot3_ws/install/turtlebot3_example:/opt/ros/foxy /usr/bin/cmake --build /home/ubuntu/colcon_ws/src/build/docking_controller -- -j4 -l4
[56.854s] Level 1:colcon.colcon_core.environment:create_environment_scripts_only(docking_controller)
[56.878s] Level 1:colcon.colcon_core.environment:checking '/home/ubuntu/colcon_ws/src/install/docking_controller' for CMake module files
[56.881s] Level 1:colcon.colcon_core.environment:checking '/home/ubuntu/colcon_ws/src/install/docking_controller' for CMake config files
[56.883s] Level 1:colcon.colcon_core.environment:checking '/home/ubuntu/colcon_ws/src/install/docking_controller/bin'
[56.883s] Level 1:colcon.colcon_core.environment:checking '/home/ubuntu/colcon_ws/src/install/docking_controller/lib/pkgconfig/docking_controller.pc'
[56.884s] Level 1:colcon.colcon_core.environment:checking '/home/ubuntu/colcon_ws/src/install/docking_controller/lib/python3.8/site-packages'
[56.885s] Level 1:colcon.colcon_core.environment:checking '/home/ubuntu/colcon_ws/src/install/docking_controller/bin'
[56.892s] INFO:colcon.colcon_core.shell:Creating package script '/home/ubuntu/colcon_ws/src/install/docking_controller/share/docking_controller/package.ps1'
[56.896s] INFO:colcon.colcon_core.shell:Creating package descriptor '/home/ubuntu/colcon_ws/src/install/docking_controller/share/docking_controller/package.dsv'
[56.898s] INFO:colcon.colcon_core.shell:Creating package script '/home/ubuntu/colcon_ws/src/install/docking_controller/share/docking_controller/package.sh'
[56.901s] INFO:colcon.colcon_core.shell:Creating package script '/home/ubuntu/colcon_ws/src/install/docking_controller/share/docking_controller/package.bash'
[56.905s] INFO:colcon.colcon_core.shell:Creating package script '/home/ubuntu/colcon_ws/src/install/docking_controller/share/docking_controller/package.zsh'
[56.908s] Level 1:colcon.colcon_core.environment:create_file_with_runtime_dependencies(/home/ubuntu/colcon_ws/src/install/docking_controller/share/colcon-core/packages/docking_controller)
[56.920s] DEBUG:colcon.colcon_parallel_executor.executor.parallel:closing loop
[56.920s] DEBUG:colcon.colcon_parallel_executor.executor.parallel:loop closed
[56.921s] DEBUG:colcon.colcon_parallel_executor.executor.parallel:run_until_complete finished with '2'
[56.921s] DEBUG:colcon.colcon_core.event_reactor:joining thread
[56.946s] INFO:colcon.colcon_core.plugin_system:Skipping extension 'colcon_notification.desktop_notification.notify_send': Could not find 'notify-send'
[56.946s] INFO:colcon.colcon_core.plugin_system:Skipping extension 'colcon_notification.desktop_notification.terminal_notifier': Not used on non-Darwin systems
[56.946s] INFO:colcon.colcon_core.plugin_system:Skipping extension 'colcon_notification.desktop_notification.win32': Not used on non-Windows systems
[56.947s] INFO:colcon.colcon_notification.desktop_notification:Sending desktop notification using 'notify2'
[56.949s] DEBUG:colcon.colcon_notification.desktop_notification.notify2:Failed to initialize notify2: org.freedesktop.DBus.Error.ServiceUnknown: The name org.freedesktop.Notifications was not provided by any .service files
[56.950s] DEBUG:colcon.colcon_core.event_reactor:joined thread
[56.957s] INFO:colcon.colcon_core.shell:Creating prefix script '/home/ubuntu/colcon_ws/src/install/local_setup.ps1'
[56.961s] INFO:colcon.colcon_core.shell:Creating prefix util module '/home/ubuntu/colcon_ws/src/install/_local_setup_util_ps1.py'
[56.966s] INFO:colcon.colcon_core.shell:Creating prefix chain script '/home/ubuntu/colcon_ws/src/install/setup.ps1'
[56.975s] INFO:colcon.colcon_core.shell:Creating prefix script '/home/ubuntu/colcon_ws/src/install/local_setup.sh'
[56.978s] INFO:colcon.colcon_core.shell:Creating prefix util module '/home/ubuntu/colcon_ws/src/install/_local_setup_util_sh.py'
[56.980s] INFO:colcon.colcon_core.shell:Creating prefix chain script '/home/ubuntu/colcon_ws/src/install/setup.sh'
[56.990s] INFO:colcon.colcon_core.shell:Creating prefix script '/home/ubuntu/colcon_ws/src/install/local_setup.bash'
[56.992s] INFO:colcon.colcon_core.shell:Creating prefix chain script '/home/ubuntu/colcon_ws/src/install/setup.bash'
[57.001s] INFO:colcon.colcon_core.shell:Creating prefix script '/home/ubuntu/colcon_ws/src/install/local_setup.zsh'
[57.004s] INFO:colcon.colcon_core.shell:Creating prefix chain script '/home/ubuntu/colcon_ws/src/install/setup.zsh'
